0 info it worked if it ends with ok
1 verbose cli [ '/usr/bin/node', '/usr/bin/npm', 'install', '-g', 'libsass' ]
2 info using npm@1.4.28
3 info using node@v0.10.40
4 verbose node symlink /usr/bin/node
5 verbose cache add [ 'libsass', null ]
6 verbose cache add name=undefined spec="libsass" args=["libsass",null]
7 verbose parsed url { protocol: null,
7 verbose parsed url   slashes: null,
7 verbose parsed url   auth: null,
7 verbose parsed url   host: null,
7 verbose parsed url   port: null,
7 verbose parsed url   hostname: null,
7 verbose parsed url   hash: null,
7 verbose parsed url   search: null,
7 verbose parsed url   query: null,
7 verbose parsed url   pathname: 'libsass',
7 verbose parsed url   path: 'libsass',
7 verbose parsed url   href: 'libsass' }
8 silly lockFile bb93a93c-libsass libsass
9 verbose lock libsass /home/vagrant/.npm/bb93a93c-libsass.lock
10 silly lockFile bb93a93c-libsass libsass
11 silly lockFile bb93a93c-libsass libsass
12 verbose addNamed [ 'libsass', '' ]
13 verbose addNamed [ null, '*' ]
14 silly lockFile f34f7d57-libsass libsass@
15 verbose lock libsass@ /home/vagrant/.npm/f34f7d57-libsass.lock
16 silly addNameRange { name: 'libsass', range: '*', hasData: false }
17 verbose request where is /libsass
18 verbose request registry https://registry.npmjs.org/
19 verbose request id 4af7e8f5b8a0a266
20 verbose url raw /libsass
21 verbose url resolving [ 'https://registry.npmjs.org/', './libsass' ]
22 verbose url resolved https://registry.npmjs.org/libsass
23 verbose request where is https://registry.npmjs.org/libsass
24 info trying registry request attempt 1 at 22:49:46
25 http GET https://registry.npmjs.org/libsass
26 http 404 https://registry.npmjs.org/libsass
27 silly registry.get cb [ 404,
27 silly registry.get   { 'content-type': 'application/json',
27 silly registry.get     'cache-control': 'max-age=0',
27 silly registry.get     'content-length': '2',
27 silly registry.get     'accept-ranges': 'bytes',
27 silly registry.get     date: 'Wed, 27 Jan 2016 22:49:47 GMT',
27 silly registry.get     via: '1.1 varnish',
27 silly registry.get     age: '0',
27 silly registry.get     connection: 'keep-alive',
27 silly registry.get     'x-served-by': 'cache-atl6228-ATL',
27 silly registry.get     'x-cache': 'MISS',
27 silly registry.get     'x-cache-hits': '0',
27 silly registry.get     'x-timer': 'S1453934987.668767,VS0,VE90' } ]
28 silly lockFile f34f7d57-libsass libsass@
29 silly lockFile f34f7d57-libsass libsass@
30 error 404 Not Found
30 error 404
30 error 404 'libsass' is not in the npm registry.
30 error 404 You should bug the author to publish it
30 error 404
30 error 404 Note that you can also install from a
30 error 404 tarball, folder, or http url, or git url.
31 error System Linux 3.13.0-63-generic
32 error command "/usr/bin/node" "/usr/bin/npm" "install" "-g" "libsass"
33 error cwd /vagrant/projects/artmanager-mobile
34 error node -v v0.10.40
35 error npm -v 1.4.28
36 error code E404
37 verbose exit [ 1, true ]
